traffic-logger.service.ts:16 ---Traffic Status Update at Tue Apr 18 2017 09:12:28 GMT+0800 (+08)---
      North: green
      South: green
      East: red
      West: red

traffic-logger.service.ts:16 ---Traffic Status Update at Tue Apr 18 2017 09:13:28 GMT+0800 (+08)---
      North: green
      South: green
      East: red
      West: red

traffic-logger.service.ts:16 ---Traffic Status Update at Tue Apr 18 2017 09:14:28 GMT+0800 (+08)---
      North: green
      South: green
      East: red
      West: red

traffic-logger.service.ts:16 ---Traffic Status Update at Tue Apr 18 2017 09:15:28 GMT+0800 (+08)---
      North: green
      South: green
      East: red
      West: red

traffic-logger.service.ts:16 ---Traffic Status Update at Tue Apr 18 2017 09:16:28 GMT+0800 (+08)---
      North: green
      South: green
      East: red
      West: red

traffic-logger.service.ts:16 ---Traffic Status Update at Tue Apr 18 2017 09:16:58 GMT+0800 (+08)---
      North: yellow
      South: yellow
      East: red
      West: red

traffic-logger.service.ts:16 ---Traffic Status Update at Tue Apr 18 2017 09:17:28 GMT+0800 (+08)---
      North: yellow
      South: yellow
      East: red
      West: red

traffic-logger.service.ts:16 ---Traffic Status Update at Tue Apr 18 2017 09:17:28 GMT+0800 (+08)---
      North: red
      South: red
      East: green
      West: green

traffic-logger.service.ts:16 ---Traffic Status Update at Tue Apr 18 2017 09:18:28 GMT+0800 (+08)---
      North: red
      South: red
      East: green
      West: green

traffic-logger.service.ts:16 ---Traffic Status Update at Tue Apr 18 2017 09:19:28 GMT+0800 (+08)---
      North: red
      South: red
      East: green
      West: green

traffic-logger.service.ts:16 ---Traffic Status Update at Tue Apr 18 2017 09:20:28 GMT+0800 (+08)---
      North: red
      South: red
      East: green
      West: green

traffic-logger.service.ts:16 ---Traffic Status Update at Tue Apr 18 2017 09:21:28 GMT+0800 (+08)---
      North: red
      South: red
      East: green
      West: green

traffic-logger.service.ts:16 ---Traffic Status Update at Tue Apr 18 2017 09:21:58 GMT+0800 (+08)---
      North: red
      South: red
      East: yellow
      West: yellow

traffic-logger.service.ts:16 ---Traffic Status Update at Tue Apr 18 2017 09:22:28 GMT+0800 (+08)---
      North: red
      South: red
      East: yellow
      West: yellow

traffic-logger.service.ts:16 ---Traffic Status Update at Tue Apr 18 2017 09:22:28 GMT+0800 (+08)---
      North: green
      South: green
      East: red
      West: red

traffic-logger.service.ts:16 ---Traffic Status Update at Tue Apr 18 2017 09:23:28 GMT+0800 (+08)---
      North: green
      South: green
      East: red
      West: red

traffic-logger.service.ts:16 ---Traffic Status Update at Tue Apr 18 2017 09:24:28 GMT+0800 (+08)---
      North: green
      South: green
      East: red
      West: red

traffic-logger.service.ts:16 ---Traffic Status Update at Tue Apr 18 2017 09:25:28 GMT+0800 (+08)---
      North: green
      South: green
      East: red
      West: red

traffic-logger.service.ts:16 ---Traffic Status Update at Tue Apr 18 2017 09:26:28 GMT+0800 (+08)---
      North: green
      South: green
      East: red
      West: red

traffic-logger.service.ts:16 ---Traffic Status Update at Tue Apr 18 2017 09:26:58 GMT+0800 (+08)---
      North: yellow
      South: yellow
      East: red
      West: red

traffic-logger.service.ts:16 ---Traffic Status Update at Tue Apr 18 2017 09:27:28 GMT+0800 (+08)---
      North: yellow
      South: yellow
      East: red
      West: red

traffic-logger.service.ts:16 ---Traffic Status Update at Tue Apr 18 2017 09:27:28 GMT+0800 (+08)---
      North: red
      South: red
      East: green
      West: green

traffic-logger.service.ts:16 ---Traffic Status Update at Tue Apr 18 2017 09:28:28 GMT+0800 (+08)---
      North: red
      South: red
      East: green
      West: green

traffic-logger.service.ts:16 ---Traffic Status Update at Tue Apr 18 2017 09:29:28 GMT+0800 (+08)---
      North: red
      South: red
      East: green
      West: green

traffic-logger.service.ts:16 ---Traffic Status Update at Tue Apr 18 2017 09:30:28 GMT+0800 (+08)---
      North: red
      South: red
      East: green
      West: green

traffic-logger.service.ts:16 ---Traffic Status Update at Tue Apr 18 2017 09:31:28 GMT+0800 (+08)---
      North: red
      South: red
      East: green
      West: green

traffic-logger.service.ts:16 ---Traffic Status Update at Tue Apr 18 2017 09:31:58 GMT+0800 (+08)---
      North: red
      South: red
      East: yellow
      West: yellow

traffic-logger.service.ts:16 ---Traffic Status Update at Tue Apr 18 2017 09:32:32 GMT+0800 (+08)---
      North: red
      South: red
      East: yellow
      West: yellow

traffic-logger.service.ts:16 ---Traffic Status Update at Tue Apr 18 2017 09:32:32 GMT+0800 (+08)---
      North: green
      South: green
      East: red
      West: red

traffic-logger.service.ts:16 ---Traffic Status Update at Tue Apr 18 2017 09:33:36 GMT+0800 (+08)---
      North: green
      South: green
      East: red
      West: red

traffic-logger.service.ts:16 ---Traffic Status Update at Tue Apr 18 2017 09:34:28 GMT+0800 (+08)---
      North: green
      South: green
      East: red
      West: red

traffic-logger.service.ts:16 ---Traffic Status Update at Tue Apr 18 2017 09:35:29 GMT+0800 (+08)---
      North: green
      South: green
      East: red
      West: red

traffic-logger.service.ts:16 ---Traffic Status Update at Tue Apr 18 2017 09:36:28 GMT+0800 (+08)---
      North: green
      South: green
      East: red
      West: red

traffic-logger.service.ts:16 ---Traffic Status Update at Tue Apr 18 2017 09:37:08 GMT+0800 (+08)---
      North: yellow
      South: yellow
      East: red
      West: red

traffic-logger.service.ts:16 ---Traffic Status Update at Tue Apr 18 2017 09:37:28 GMT+0800 (+08)---
      North: yellow
      South: yellow
      East: red
      West: red

traffic-logger.service.ts:16 ---Traffic Status Update at Tue Apr 18 2017 09:37:43 GMT+0800 (+08)---
      North: red
      South: red
      East: green
      West: green

traffic-logger.service.ts:16 ---Traffic Status Update at Tue Apr 18 2017 09:38:28 GMT+0800 (+08)---
      North: red
      South: red
      East: green
      West: green

traffic-logger.service.ts:16 ---Traffic Status Update at Tue Apr 18 2017 09:39:30 GMT+0800 (+08)---
      North: red
      South: red
      East: green
      West: green

traffic-logger.service.ts:16 ---Traffic Status Update at Tue Apr 18 2017 09:40:37 GMT+0800 (+08)---
      North: red
      South: red
      East: green
      West: green

traffic-logger.service.ts:16 ---Traffic Status Update at Tue Apr 18 2017 09:41:31 GMT+0800 (+08)---
      North: red
      South: red
      East: green
      West: green

traffic-logger.service.ts:16 ---Traffic Status Update at Tue Apr 18 2017 09:42:13 GMT+0800 (+08)---
      North: red
      South: red
      East: yellow
      West: yellow

traffic-logger.service.ts:16 ---Traffic Status Update at Tue Apr 18 2017 09:42:28 GMT+0800 (+08)---
      North: red
      South: red
      East: yellow
      West: yellow

traffic-logger.service.ts:16 ---Traffic Status Update at Tue Apr 18 2017 09:42:43 GMT+0800 (+08)---
      North: green
      South: green
      East: red
      West: red
